# JRE version: Java(TM) SE Runtime Environment (17.0.4.1+1) (build 17.0.4.1+1-LTS-2)
# Java VM: Java HotSpot(TM) 64-Bit Server VM (17.0.4.1+1-LTS-2, mixed mode, emulated-client, sharing, tiered, compressed oops, compressed class ptrs, g1 gc, windows-amd64)
GC Precious Log:
 CPUs: 4 total, 4 available
 Memory: 12287M
 Large Page Support: Disabled
 NUMA Support: Disabled
 Compressed Oops: Enabled (Zero based)
 Heap Region Size: 2M
 Heap Min Capacity: 8M
 Heap Initial Capacity: 192M
 Heap Max Capacity: 3G
 Pre-touch: Disabled
 Parallel Workers: 4
 Concurrent Workers: 1
 Concurrent Refinement Workers: 4
 Periodic GC: Disabled
Heap:
 garbage-first heap   total 79872K, used 49410K [0x0000000740000000, 0x0000000800000000)
  region size 2048K, 2 young (4096K), 2 survivors (4096K)
 Metaspace       used 46892K, committed 47360K, reserved 1089536K
  class space    used 6260K, committed 6464K, reserved 1048576K
GC Heap History (20 events):
Event: 18.659 GC heap after
{Heap after GC invocations=8 (full 0):
 garbage-first heap   total 55296K, used 21926K [0x0000000740000000, 0x0000000800000000)
  region size 2048K, 1 young (2048K), 1 survivors (2048K)
 Metaspace       used 32578K, committed 32960K, reserved 1081344K
  class space    used 4302K, committed 4480K, reserved 1048576K
}
Event: 18.769 GC heap before
{Heap before GC invocations=8 (full 0):
 garbage-first heap   total 55296K, used 21926K [0x0000000740000000, 0x0000000800000000)
  region size 2048K, 2 young (4096K), 1 survivors (2048K)
 Metaspace       used 32650K, committed 32960K, reserved 1081344K
  class space    used 4317K, committed 4480K, reserved 1048576K
}
Event: 18.774 GC heap after
{Heap after GC invocations=9 (full 0):
 garbage-first heap   total 55296K, used 22128K [0x0000000740000000, 0x0000000800000000)
  region size 2048K, 1 young (2048K), 1 survivors (2048K)
 Metaspace       used 32650K, committed 32960K, reserved 1081344K
  class space    used 4317K, committed 4480K, reserved 1048576K
}
Event: 20.398 GC heap before
{Heap before GC invocations=9 (full 0):
 garbage-first heap   total 55296K, used 44656K [0x0000000740000000, 0x0000000800000000)
  region size 2048K, 9 young (18432K), 1 survivors (2048K)
 Metaspace       used 35231K, committed 35648K, reserved 1081344K
  class space    used 4669K, committed 4864K, reserved 1048576K
}
Event: 20.410 GC heap after
{Heap after GC invocations=10 (full 0):
 garbage-first heap   total 71680K, used 29267K [0x0000000740000000, 0x0000000800000000)
  region size 2048K, 2 young (4096K), 2 survivors (4096K)
 Metaspace       used 35231K, committed 35648K, reserved 1081344K
  class space    used 4669K, committed 4864K, reserved 1048576K
}
Event: 20.937 GC heap before
{Heap before GC invocations=10 (full 0):
 garbage-first heap   total 71680K, used 37459K [0x0000000740000000, 0x0000000800000000)
  region size 2048K, 7 young (14336K), 2 survivors (4096K)
 Metaspace       used 35657K, committed 35968K, reserved 1081344K
  class space    used 4722K, committed 4864K, reserved 1048576K
}
Event: 20.946 GC heap after
{Heap after GC invocations=11 (full 0):
 garbage-first heap   total 71680K, used 29950K [0x0000000740000000, 0x0000000800000000)
  region size 2048K, 2 young (4096K), 2 survivors (4096K)
 Metaspace       used 35657K, committed 35968K, reserved 1081344K
  class space    used 4722K, committed 4864K, reserved 1048576K
}
Event: 22.065 GC heap before
{Heap before GC invocations=12 (full 0):
 garbage-first heap   total 71680K, used 52478K [0x0000000740000000, 0x0000000800000000)
  region size 2048K, 13 young (26624K), 2 survivors (4096K)
 Metaspace       used 37095K, committed 37440K, reserved 1089536K
  class space    used 4947K, committed 5120K, reserved 1048576K
}
Event: 22.075 GC heap after
{Heap after GC invocations=13 (full 0):
 garbage-first heap   total 71680K, used 30716K [0x0000000740000000, 0x0000000800000000)
  region size 2048K, 2 young (4096K), 2 survivors (4096K)
 Metaspace       used 37095K, committed 37440K, reserved 1089536K
  class space    used 4947K, committed 5120K, reserved 1048576K
}
Event: 23.493 GC heap before
{Heap before GC invocations=13 (full 0):
 garbage-first heap   total 71680K, used 55292K [0x0000000740000000, 0x0000000800000000)
  region size 2048K, 14 young (28672K), 2 survivors (4096K)
 Metaspace       used 40793K, committed 41152K, reserved 1089536K
  class space    used 5468K, committed 5632K, reserved 1048576K
}
Event: 23.507 GC heap after
{Heap after GC invocations=14 (full 0):
 garbage-first heap   total 71680K, used 32774K [0x0000000740000000, 0x0000000800000000)
  region size 2048K, 2 young (4096K), 2 survivors (4096K)
 Metaspace       used 40793K, committed 41152K, reserved 1089536K
  class space    used 5468K, committed 5632K, reserved 1048576K
}
Event: 24.603 GC heap before
{Heap before GC invocations=14 (full 0):
 garbage-first heap   total 71680K, used 55302K [0x0000000740000000, 0x0000000800000000)
  region size 2048K, 13 young (26624K), 2 survivors (4096K)
 Metaspace       used 44560K, committed 44992K, reserved 1089536K
  class space    used 5953K, committed 6144K, reserved 1048576K
}
Event: 24.618 GC heap after
{Heap after GC invocations=15 (full 0):
 garbage-first heap   total 71680K, used 34530K [0x0000000740000000, 0x0000000800000000)
  region size 2048K, 2 young (4096K), 2 survivors (4096K)
 Metaspace       used 44560K, committed 44992K, reserved 1089536K
  class space    used 5953K, committed 6144K, reserved 1048576K
}
Event: 25.454 GC heap before
{Heap before GC invocations=15 (full 0):
 garbage-first heap   total 71680K, used 57058K [0x0000000740000000, 0x0000000800000000)
  region size 2048K, 13 young (26624K), 2 survivors (4096K)
 Metaspace       used 46832K, committed 47232K, reserved 1089536K
  class space    used 6248K, committed 6400K, reserved 1048576K
}
Event: 25.469 GC heap after
{Heap after GC invocations=16 (full 0):
 garbage-first heap   total 71680K, used 36272K [0x0000000740000000, 0x0000000800000000)
  region size 2048K, 2 young (4096K), 2 survivors (4096K)
 Metaspace       used 46832K, committed 47232K, reserved 1089536K
  class space    used 6248K, committed 6400K, reserved 1048576K
}
Event: 25.636 GC heap before
{Heap before GC invocations=16 (full 0):
 garbage-first heap   total 71680K, used 56752K [0x0000000740000000, 0x0000000800000000)
  region size 2048K, 12 young (24576K), 2 survivors (4096K)
 Metaspace       used 46832K, committed 47232K, reserved 1089536K
  class space    used 6248K, committed 6400K, reserved 1048576K
}
Event: 25.652 GC heap after
{Heap after GC invocations=17 (full 0):
 garbage-first heap   total 71680K, used 40497K [0x0000000740000000, 0x0000000800000000)
  region size 2048K, 2 young (4096K), 2 survivors (4096K)
 Metaspace       used 46832K, committed 47232K, reserved 1089536K
  class space    used 6248K, committed 6400K, reserved 1048576K
}
Event: 25.804 GC heap before
{Heap before GC invocations=18 (full 0):
 garbage-first heap   total 79872K, used 54833K [0x0000000740000000, 0x0000000800000000)
  region size 2048K, 9 young (18432K), 2 survivors (4096K)
 Metaspace       used 46834K, committed 47296K, reserved 1089536K
  class space    used 6250K, committed 6464K, reserved 1048576K
}
Event: 25.829 GC heap after
{Heap after GC invocations=19 (full 0):
 garbage-first heap   total 79872K, used 46001K [0x0000000740000000, 0x0000000800000000)
  region size 2048K, 2 young (4096K), 2 survivors (4096K)
 Metaspace       used 46834K, committed 47296K, reserved 1089536K
  class space    used 6250K, committed 6464K, reserved 1048576K
}
Event: 26.086 GC heap before
{Heap before GC invocations=19 (full 0):
 garbage-first heap   total 79872K, used 58289K [0x0000000740000000, 0x0000000800000000)
  region size 2048K, 9 young (18432K), 2 survivors (4096K)
 Metaspace       used 46892K, committed 47360K, reserved 1089536K
  class space    used 6260K, committed 6464K, reserved 1048576K
}

